{"ts":"2025-12-22T10:18:44.334Z","level":"warn","message":"Redirect URI not in credentials.json; using it anyway","meta":{"chosenRedirect":"http://localhost:3000/auth/callback"}}
{"ts":"2025-12-22T10:18:44.403Z","level":"info","message":"server started","meta":{"port":3000,"redirectUri":"http://localhost:3000/auth/callback","autoSync":0}}
{"ts":"2025-12-22T10:18:46.700Z","level":"info","message":"http","meta":{"method":"GET","path":"/","status":304,"ms":2}}
{"ts":"2025-12-22T10:18:46.735Z","level":"info","message":"http","meta":{"method":"GET","path":"/api/agent/config","status":200,"ms":6}}
{"ts":"2025-12-22T10:18:46.738Z","level":"info","message":"http","meta":{"method":"GET","path":"/api/auto-sync","status":200,"ms":1}}
{"ts":"2025-12-22T10:18:46.740Z","level":"info","message":"http","meta":{"method":"GET","path":"/api/agent/sessions","status":200,"ms":4}}
{"ts":"2025-12-22T10:18:46.743Z","level":"info","message":"http","meta":{"method":"GET","path":"/api/profile","status":200,"ms":16}}
{"ts":"2025-12-22T10:18:46.790Z","level":"info","message":"http","meta":{"method":"GET","path":"/api/agent/sessions/fbf30d4d-da3c-47f1-a801-411b5f950a80/messages","status":200,"ms":10}}
{"ts":"2025-12-22T10:18:46.793Z","level":"info","message":"http","meta":{"method":"GET","path":"/api/drafts","status":200,"ms":11}}
{"ts":"2025-12-22T10:18:47.046Z","level":"info","message":"http","meta":{"method":"GET","path":"/api/messages","status":200,"ms":262}}
{"ts":"2025-12-22T10:19:03.938Z","level":"info","message":"http","meta":{"method":"GET","path":"/api/messages","status":200,"ms":213}}
{"ts":"2025-12-22T10:19:51.514Z","level":"info","message":"http","meta":{"method":"GET","path":"/api/drafts","status":200,"ms":21}}
{"ts":"2025-12-22T10:19:52.927Z","level":"info","message":"http","meta":{"method":"GET","path":"/api/sent","status":200,"ms":1431}}
{"ts":"2025-12-22T10:19:55.210Z","level":"info","message":"http","meta":{"method":"GET","path":"/api/messages/19b2ab64f2aa1143","status":200,"ms":4}}
{"ts":"2025-12-22T10:19:59.989Z","level":"info","message":"http","meta":{"method":"GET","path":"/api/messages/19b2aa0caf82e70a","status":200,"ms":4}}
{"ts":"2025-12-22T10:20:05.361Z","level":"info","message":"http","meta":{"method":"GET","path":"/api/messages/19b2ab64f2aa1143","status":200,"ms":7}}
{"ts":"2025-12-22T10:20:06.885Z","level":"info","message":"http","meta":{"method":"GET","path":"/api/messages/19b34bc6c8cd3132","status":200,"ms":3}}
{"ts":"2025-12-22T10:20:15.649Z","level":"info","message":"http","meta":{"method":"GET","path":"/api/messages/19b102b9fb6f45f2","status":200,"ms":5}}
{"ts":"2025-12-22T10:20:18.289Z","level":"info","message":"http","meta":{"method":"GET","path":"/api/drafts","status":200,"ms":2}}
{"ts":"2025-12-22T10:20:18.474Z","level":"info","message":"http","meta":{"method":"GET","path":"/api/messages","status":200,"ms":186}}
{"ts":"2025-12-22T10:26:43.248Z","level":"info","message":"http","meta":{"method":"GET","path":"/","status":200,"ms":3}}
{"ts":"2025-12-22T10:26:43.276Z","level":"info","message":"http","meta":{"method":"GET","path":"/api/agent/config","status":200,"ms":5}}
{"ts":"2025-12-22T10:26:43.277Z","level":"info","message":"http","meta":{"method":"GET","path":"/api/auto-sync","status":200,"ms":0}}
{"ts":"2025-12-22T10:26:43.279Z","level":"info","message":"http","meta":{"method":"GET","path":"/api/agent/sessions","status":200,"ms":3}}
{"ts":"2025-12-22T10:26:43.284Z","level":"info","message":"http","meta":{"method":"GET","path":"/api/profile","status":200,"ms":13}}
{"ts":"2025-12-22T10:26:43.338Z","level":"info","message":"http","meta":{"method":"GET","path":"/api/agent/sessions/fbf30d4d-da3c-47f1-a801-411b5f950a80/messages","status":200,"ms":2}}
{"ts":"2025-12-22T10:26:43.339Z","level":"info","message":"http","meta":{"method":"GET","path":"/api/drafts","status":200,"ms":3}}
{"ts":"2025-12-22T10:26:43.619Z","level":"info","message":"http","meta":{"method":"GET","path":"/api/messages","status":200,"ms":282}}
{"ts":"2025-12-22T10:26:50.285Z","level":"info","message":"http","meta":{"method":"GET","path":"/api/messages","status":200,"ms":21}}
{"ts":"2025-12-22T10:32:48.038Z","level":"info","message":"http","meta":{"method":"GET","path":"/","status":200,"ms":8}}
{"ts":"2025-12-22T10:32:48.087Z","level":"info","message":"http","meta":{"method":"GET","path":"/api/agent/config","status":200,"ms":3}}
{"ts":"2025-12-22T10:32:48.089Z","level":"info","message":"http","meta":{"method":"GET","path":"/api/auto-sync","status":200,"ms":1}}
{"ts":"2025-12-22T10:32:48.091Z","level":"info","message":"http","meta":{"method":"GET","path":"/api/agent/sessions","status":200,"ms":4}}
{"ts":"2025-12-22T10:32:48.102Z","level":"info","message":"http","meta":{"method":"GET","path":"/api/profile","status":200,"ms":19}}
{"ts":"2025-12-22T10:32:48.158Z","level":"info","message":"http","meta":{"method":"GET","path":"/api/agent/sessions/fbf30d4d-da3c-47f1-a801-411b5f950a80/messages","status":200,"ms":3}}
{"ts":"2025-12-22T10:32:48.159Z","level":"info","message":"http","meta":{"method":"GET","path":"/api/drafts","status":200,"ms":3}}
{"ts":"2025-12-22T10:32:48.487Z","level":"info","message":"http","meta":{"method":"GET","path":"/api/messages","status":200,"ms":331}}
{"ts":"2025-12-22T10:32:53.327Z","level":"info","message":"http","meta":{"method":"GET","path":"/api/messages","status":200,"ms":21}}
